  example.cpp
  gameload.cpp
  gamemap.cpp
  levelone.cpp
  leveltwo.cpp
  main.cpp
C:\SAE Code Projects\GAD173-p3-wip\projects\base_with_physics\gamemap.cpp(37,38): warning C4267: 'initializing': conversion from 'size_t' to 'int', possible loss of data
C:\SAE Code Projects\GAD173-p3-wip\projects\base_with_physics\gamemap.cpp(81,45): warning C4305: 'argument': truncation from 'double' to 'float'
C:\SAE Code Projects\GAD173-p3-wip\projects\base_with_physics\gamemap.cpp(84,21): warning C4244: 'argument': conversion from 'size_t' to 'T', possible loss of data
          with
          [
              T=float
          ]
C:\SAE Code Projects\GAD173-p3-wip\projects\base_with_physics\gamemap.cpp(83,65): warning C4244: 'argument': conversion from 'size_t' to 'T', possible loss of data
          with
          [
              T=float
          ]
C:\SAE Code Projects\GAD173-p3-wip\projects\base_with_physics\gameload.cpp(50,57): warning C4267: '=': conversion from 'size_t' to 'int', possible loss of data
C:\SAE Code Projects\GAD173-p3-wip\projects\base_with_physics\example.cpp(39,28): warning C4100: 'deltaT': unreferenced formal parameter
  mainmenu.cpp
  scenemanager.cpp
  base_with_physics.vcxproj -> C:\SAE Code Projects\GAD173-p3-wip\bin\game_d.exe
