c:\users\shamma\downloads\kage2d 20190730 (2)\temp\x64\debug\kage2dutil\kage2dutil.pdb
c:\users\shamma\downloads\kage2d 20190730 (2)\temp\x64\debug\kage2dutil\kage2dutil.idb
c:\users\shamma\downloads\kage2d 20190730 (2)\temp\x64\debug\kage2dutil\world.obj
c:\users\shamma\downloads\kage2d 20190730 (2)\temp\x64\debug\kage2dutil\texture_manager.obj
c:\users\shamma\downloads\kage2d 20190730 (2)\temp\x64\debug\kage2dutil\system.obj
c:\users\shamma\downloads\kage2d 20190730 (2)\temp\x64\debug\kage2dutil\sound_manager.obj
c:\users\shamma\downloads\kage2d 20190730 (2)\temp\x64\debug\kage2dutil\sfml_util.obj
c:\users\shamma\downloads\kage2d 20190730 (2)\temp\x64\debug\kage2dutil\physics.obj
c:\users\shamma\downloads\kage2d 20190730 (2)\temp\x64\debug\kage2dutil\imgui_widgets.obj
c:\users\shamma\downloads\kage2d 20190730 (2)\temp\x64\debug\kage2dutil\imgui_draw.obj
c:\users\shamma\downloads\kage2d 20190730 (2)\temp\x64\debug\kage2dutil\imgui.obj
c:\users\shamma\downloads\kage2d 20190730 (2)\temp\x64\debug\kage2dutil\imgui-sfml.obj
c:\users\shamma\downloads\kage2d 20190730 (2)\temp\x64\debug\kage2dutil\gameobject.obj
c:\users\shamma\downloads\kage2d 20190730 (2)\temp\x64\debug\kage2dutil\anim.obj
c:\users\shamma\downloads\kage2d 20190730 (2)\dev\sdk\lib\kage2dutil_d.lib
c:\users\shamma\downloads\kage2d 20190730 (2)\temp\x64\debug\kage2dutil\kage2dutil.tlog\cl.command.1.tlog
c:\users\shamma\downloads\kage2d 20190730 (2)\temp\x64\debug\kage2dutil\kage2dutil.tlog\cl.read.1.tlog
c:\users\shamma\downloads\kage2d 20190730 (2)\temp\x64\debug\kage2dutil\kage2dutil.tlog\cl.write.1.tlog
c:\users\shamma\downloads\kage2d 20190730 (2)\temp\x64\debug\kage2dutil\kage2dutil.tlog\lib-link.read.1.tlog
c:\users\shamma\downloads\kage2d 20190730 (2)\temp\x64\debug\kage2dutil\kage2dutil.tlog\lib-link.write.1.tlog
c:\users\shamma\downloads\kage2d 20190730 (2)\temp\x64\debug\kage2dutil\kage2dutil.tlog\lib.command.1.tlog
