  app.cpp
  Demon.cpp
  dependencies.cpp
  example.cpp
  Frost.cpp
  main.cpp
  Rabbit.cpp
C:\SAE Code Projects\GAD173-p3-wip\projects\enemy_sandbox\Frost.cpp(20,30): warning C4305: 'argument': truncation from 'double' to 'float'
C:\SAE Code Projects\GAD173-p3-wip\projects\enemy_sandbox\Frost.cpp(25,30): warning C4305: 'argument': truncation from 'double' to 'float'
C:\SAE Code Projects\GAD173-p3-wip\projects\enemy_sandbox\Frost.cpp(46,37): warning C4100: 'obj': unreferenced formal parameter
C:\SAE Code Projects\GAD173-p3-wip\projects\enemy_sandbox\Frost.cpp(55,36): warning C4100: 'fix': unreferenced formal parameter
C:\SAE Code Projects\GAD173-p3-wip\dev\sdk\include\kage2dutil\physics.h(134,1): warning C4312: 'type cast': conversion from 'int' to 'void *' of greater size (compiling source file Frost.cpp)
C:\SAE Code Projects\GAD173-p3-wip\dev\sdk\include\kage2dutil\physics.h(133): message : while compiling class template member function 'T &kage::Physics::BaseFixtureBuilder<T>::userData(int)'
          with
          [
              T=kage::Physics::CircleBuilder
          ] (compiling source file Frost.cpp)
C:\SAE Code Projects\GAD173-p3-wip\projects\enemy_sandbox\Demon.cpp(20,30): warning C4305: 'argument': truncation from 'double' to 'float'
C:\SAE Code Projects\GAD173-p3-wip\projects\enemy_sandbox\Frost.cpp(31): message : see reference to function template instantiation 'T &kage::Physics::BaseFixtureBuilder<T>::userData(int)' being compiled
          with
          [
              T=kage::Physics::CircleBuilder
          ]
C:\SAE Code Projects\GAD173-p3-wip\dev\sdk\include\kage2dutil\physics.h(160): message : see reference to class template instantiation 'kage::Physics::BaseFixtureBuilder<kage::Physics::CircleBuilder>' being compiled (compiling source file Frost.cpp)
C:\SAE Code Projects\GAD173-p3-wip\projects\enemy_sandbox\Demon.cpp(36,37): warning C4100: 'obj': unreferenced formal parameter
C:\SAE Code Projects\GAD173-p3-wip\projects\enemy_sandbox\Demon.cpp(45,36): warning C4100: 'fix': unreferenced formal parameter
C:\SAE Code Projects\GAD173-p3-wip\projects\enemy_sandbox\app.cpp(43,24): warning C4100: 'deltaT': unreferenced formal parameter
C:\SAE Code Projects\GAD173-p3-wip\projects\enemy_sandbox\example.cpp(20,35): warning C4305: 'argument': truncation from 'double' to 'float32'
C:\SAE Code Projects\GAD173-p3-wip\projects\enemy_sandbox\example.cpp(63,57): warning C4244: 'argument': conversion from 'double' to 'TT', possible loss of data
          with
          [
              TT=float
          ]
C:\SAE Code Projects\GAD173-p3-wip\projects\enemy_sandbox\example.cpp(63,50): warning C4244: 'argument': conversion from 'double' to 'TT', possible loss of data
          with
          [
              TT=float
          ]
C:\SAE Code Projects\GAD173-p3-wip\dev\sdk\include\kf\kf_vector2.h(132,45): warning C4458: declaration of 'v' hides class member (compiling source file example.cpp)
C:\SAE Code Projects\GAD173-p3-wip\dev\sdk\include\kf\kf_vector2.h(54,9): message : see declaration of 'kf::Vector2T<float>::<unnamed-tag>::<unnamed-tag>::v' (compiling source file example.cpp)
C:\SAE Code Projects\GAD173-p3-wip\dev\sdk\include\kf\kf_vector2.h(133): message : while compiling class template member function 'kf::Vector2T<float> kf::Vector2T<float>::operator =(const kf::Vector2T<float> &)' (compiling source file example.cpp)
C:\SAE Code Projects\GAD173-p3-wip\dev\sdk\include\kage2dutil\physics.h(90): message : see reference to function template instantiation 'kf::Vector2T<float> kf::Vector2T<float>::operator =(const kf::Vector2T<float> &)' being compiled (compiling source file example.cpp)
C:\SAE Code Projects\GAD173-p3-wip\dev\sdk\include\kf\kf_streams.h(19): message : see reference to class template instantiation 'kf::Vector2T<float>' being compiled (compiling source file example.cpp)
C:\SAE Code Projects\GAD173-p3-wip\projects\enemy_sandbox\Rabbit.cpp(19,30): warning C4305: 'argument': truncation from 'double' to 'float'
C:\SAE Code Projects\GAD173-p3-wip\projects\enemy_sandbox\Rabbit.cpp(56,38): warning C4100: 'obj': unreferenced formal parameter
C:\SAE Code Projects\GAD173-p3-wip\projects\enemy_sandbox\Rabbit.cpp(66,37): warning C4100: 'fix': unreferenced formal parameter
kage2dutil_d.lib(b2WorldCallbacks.obj) : warning LNK4099: PDB 'Box2D.pdb' was not found with 'kage2dutil_d.lib(b2WorldCallbacks.obj)' or at 'C:\SAE Code Projects\GAD173-p3-wip\bin\Box2D.pdb'; linking object as if no debug info
kage2dutil_d.lib(b2World.obj) : warning LNK4099: PDB 'Box2D.pdb' was not found with 'kage2dutil_d.lib(b2World.obj)' or at 'C:\SAE Code Projects\GAD173-p3-wip\bin\Box2D.pdb'; linking object as if no debug info
kage2dutil_d.lib(b2Island.obj) : warning LNK4099: PDB 'Box2D.pdb' was not found with 'kage2dutil_d.lib(b2Island.obj)' or at 'C:\SAE Code Projects\GAD173-p3-wip\bin\Box2D.pdb'; linking object as if no debug info
kage2dutil_d.lib(b2Fixture.obj) : warning LNK4099: PDB 'Box2D.pdb' was not found with 'kage2dutil_d.lib(b2Fixture.obj)' or at 'C:\SAE Code Projects\GAD173-p3-wip\bin\Box2D.pdb'; linking object as if no debug info
kage2dutil_d.lib(b2ContactManager.obj) : warning LNK4099: PDB 'Box2D.pdb' was not found with 'kage2dutil_d.lib(b2ContactManager.obj)' or at 'C:\SAE Code Projects\GAD173-p3-wip\bin\Box2D.pdb'; linking object as if no debug info
kage2dutil_d.lib(b2Body.obj) : warning LNK4099: PDB 'Box2D.pdb' was not found with 'kage2dutil_d.lib(b2Body.obj)' or at 'C:\SAE Code Projects\GAD173-p3-wip\bin\Box2D.pdb'; linking object as if no debug info
kage2dutil_d.lib(b2WheelJoint.obj) : warning LNK4099: PDB 'Box2D.pdb' was not found with 'kage2dutil_d.lib(b2WheelJoint.obj)' or at 'C:\SAE Code Projects\GAD173-p3-wip\bin\Box2D.pdb'; linking object as if no debug info
kage2dutil_d.lib(b2WeldJoint.obj) : warning LNK4099: PDB 'Box2D.pdb' was not found with 'kage2dutil_d.lib(b2WeldJoint.obj)' or at 'C:\SAE Code Projects\GAD173-p3-wip\bin\Box2D.pdb'; linking object as if no debug info
kage2dutil_d.lib(b2RopeJoint.obj) : warning LNK4099: PDB 'Box2D.pdb' was not found with 'kage2dutil_d.lib(b2RopeJoint.obj)' or at 'C:\SAE Code Projects\GAD173-p3-wip\bin\Box2D.pdb'; linking object as if no debug info
kage2dutil_d.lib(b2RevoluteJoint.obj) : warning LNK4099: PDB 'Box2D.pdb' was not found with 'kage2dutil_d.lib(b2RevoluteJoint.obj)' or at 'C:\SAE Code Projects\GAD173-p3-wip\bin\Box2D.pdb'; linking object as if no debug info
kage2dutil_d.lib(b2PulleyJoint.obj) : warning LNK4099: PDB 'Box2D.pdb' was not found with 'kage2dutil_d.lib(b2PulleyJoint.obj)' or at 'C:\SAE Code Projects\GAD173-p3-wip\bin\Box2D.pdb'; linking object as if no debug info
kage2dutil_d.lib(b2PrismaticJoint.obj) : warning LNK4099: PDB 'Box2D.pdb' was not found with 'kage2dutil_d.lib(b2PrismaticJoint.obj)' or at 'C:\SAE Code Projects\GAD173-p3-wip\bin\Box2D.pdb'; linking object as if no debug info
kage2dutil_d.lib(b2MouseJoint.obj) : warning LNK4099: PDB 'Box2D.pdb' was not found with 'kage2dutil_d.lib(b2MouseJoint.obj)' or at 'C:\SAE Code Projects\GAD173-p3-wip\bin\Box2D.pdb'; linking object as if no debug info
kage2dutil_d.lib(b2MotorJoint.obj) : warning LNK4099: PDB 'Box2D.pdb' was not found with 'kage2dutil_d.lib(b2MotorJoint.obj)' or at 'C:\SAE Code Projects\GAD173-p3-wip\bin\Box2D.pdb'; linking object as if no debug info
kage2dutil_d.lib(b2Joint.obj) : warning LNK4099: PDB 'Box2D.pdb' was not found with 'kage2dutil_d.lib(b2Joint.obj)' or at 'C:\SAE Code Projects\GAD173-p3-wip\bin\Box2D.pdb'; linking object as if no debug info
kage2dutil_d.lib(b2GearJoint.obj) : warning LNK4099: PDB 'Box2D.pdb' was not found with 'kage2dutil_d.lib(b2GearJoint.obj)' or at 'C:\SAE Code Projects\GAD173-p3-wip\bin\Box2D.pdb'; linking object as if no debug info
kage2dutil_d.lib(b2FrictionJoint.obj) : warning LNK4099: PDB 'Box2D.pdb' was not found with 'kage2dutil_d.lib(b2FrictionJoint.obj)' or at 'C:\SAE Code Projects\GAD173-p3-wip\bin\Box2D.pdb'; linking object as if no debug info
kage2dutil_d.lib(b2DistanceJoint.obj) : warning LNK4099: PDB 'Box2D.pdb' was not found with 'kage2dutil_d.lib(b2DistanceJoint.obj)' or at 'C:\SAE Code Projects\GAD173-p3-wip\bin\Box2D.pdb'; linking object as if no debug info
kage2dutil_d.lib(b2PolygonContact.obj) : warning LNK4099: PDB 'Box2D.pdb' was not found with 'kage2dutil_d.lib(b2PolygonContact.obj)' or at 'C:\SAE Code Projects\GAD173-p3-wip\bin\Box2D.pdb'; linking object as if no debug info
kage2dutil_d.lib(b2PolygonAndCircleContact.obj) : warning LNK4099: PDB 'Box2D.pdb' was not found with 'kage2dutil_d.lib(b2PolygonAndCircleContact.obj)' or at 'C:\SAE Code Projects\GAD173-p3-wip\bin\Box2D.pdb'; linking object as if no debug info
kage2dutil_d.lib(b2EdgeAndPolygonContact.obj) : warning LNK4099: PDB 'Box2D.pdb' was not found with 'kage2dutil_d.lib(b2EdgeAndPolygonContact.obj)' or at 'C:\SAE Code Projects\GAD173-p3-wip\bin\Box2D.pdb'; linking object as if no debug info
kage2dutil_d.lib(b2EdgeAndCircleContact.obj) : warning LNK4099: PDB 'Box2D.pdb' was not found with 'kage2dutil_d.lib(b2EdgeAndCircleContact.obj)' or at 'C:\SAE Code Projects\GAD173-p3-wip\bin\Box2D.pdb'; linking object as if no debug info
kage2dutil_d.lib(b2ContactSolver.obj) : warning LNK4099: PDB 'Box2D.pdb' was not found with 'kage2dutil_d.lib(b2ContactSolver.obj)' or at 'C:\SAE Code Projects\GAD173-p3-wip\bin\Box2D.pdb'; linking object as if no debug info
kage2dutil_d.lib(b2Contact.obj) : warning LNK4099: PDB 'Box2D.pdb' was not found with 'kage2dutil_d.lib(b2Contact.obj)' or at 'C:\SAE Code Projects\GAD173-p3-wip\bin\Box2D.pdb'; linking object as if no debug info
kage2dutil_d.lib(b2CircleContact.obj) : warning LNK4099: PDB 'Box2D.pdb' was not found with 'kage2dutil_d.lib(b2CircleContact.obj)' or at 'C:\SAE Code Projects\GAD173-p3-wip\bin\Box2D.pdb'; linking object as if no debug info
kage2dutil_d.lib(b2ChainAndPolygonContact.obj) : warning LNK4099: PDB 'Box2D.pdb' was not found with 'kage2dutil_d.lib(b2ChainAndPolygonContact.obj)' or at 'C:\SAE Code Projects\GAD173-p3-wip\bin\Box2D.pdb'; linking object as if no debug info
kage2dutil_d.lib(b2ChainAndCircleContact.obj) : warning LNK4099: PDB 'Box2D.pdb' was not found with 'kage2dutil_d.lib(b2ChainAndCircleContact.obj)' or at 'C:\SAE Code Projects\GAD173-p3-wip\bin\Box2D.pdb'; linking object as if no debug info
kage2dutil_d.lib(b2Timer.obj) : warning LNK4099: PDB 'Box2D.pdb' was not found with 'kage2dutil_d.lib(b2Timer.obj)' or at 'C:\SAE Code Projects\GAD173-p3-wip\bin\Box2D.pdb'; linking object as if no debug info
kage2dutil_d.lib(b2StackAllocator.obj) : warning LNK4099: PDB 'Box2D.pdb' was not found with 'kage2dutil_d.lib(b2StackAllocator.obj)' or at 'C:\SAE Code Projects\GAD173-p3-wip\bin\Box2D.pdb'; linking object as if no debug info
kage2dutil_d.lib(b2Settings.obj) : warning LNK4099: PDB 'Box2D.pdb' was not found with 'kage2dutil_d.lib(b2Settings.obj)' or at 'C:\SAE Code Projects\GAD173-p3-wip\bin\Box2D.pdb'; linking object as if no debug info
kage2dutil_d.lib(b2Math.obj) : warning LNK4099: PDB 'Box2D.pdb' was not found with 'kage2dutil_d.lib(b2Math.obj)' or at 'C:\SAE Code Projects\GAD173-p3-wip\bin\Box2D.pdb'; linking object as if no debug info
kage2dutil_d.lib(b2Draw.obj) : warning LNK4099: PDB 'Box2D.pdb' was not found with 'kage2dutil_d.lib(b2Draw.obj)' or at 'C:\SAE Code Projects\GAD173-p3-wip\bin\Box2D.pdb'; linking object as if no debug info
kage2dutil_d.lib(b2BlockAllocator.obj) : warning LNK4099: PDB 'Box2D.pdb' was not found with 'kage2dutil_d.lib(b2BlockAllocator.obj)' or at 'C:\SAE Code Projects\GAD173-p3-wip\bin\Box2D.pdb'; linking object as if no debug info
kage2dutil_d.lib(b2TimeOfImpact.obj) : warning LNK4099: PDB 'Box2D.pdb' was not found with 'kage2dutil_d.lib(b2TimeOfImpact.obj)' or at 'C:\SAE Code Projects\GAD173-p3-wip\bin\Box2D.pdb'; linking object as if no debug info
kage2dutil_d.lib(b2DynamicTree.obj) : warning LNK4099: PDB 'Box2D.pdb' was not found with 'kage2dutil_d.lib(b2DynamicTree.obj)' or at 'C:\SAE Code Projects\GAD173-p3-wip\bin\Box2D.pdb'; linking object as if no debug info
kage2dutil_d.lib(b2Distance.obj) : warning LNK4099: PDB '' was not found with 'kage2dutil_d.lib(b2Distance.obj)' or at ''; linking object as if no debug info
kage2dutil_d.lib(b2Collision.obj) : warning LNK4099: PDB 'Box2D.pdb' was not found with 'kage2dutil_d.lib(b2Collision.obj)' or at 'C:\SAE Code Projects\GAD173-p3-wip\bin\Box2D.pdb'; linking object as if no debug info
kage2dutil_d.lib(b2CollidePolygon.obj) : warning LNK4099: PDB 'Box2D.pdb' was not found with 'kage2dutil_d.lib(b2CollidePolygon.obj)' or at 'C:\SAE Code Projects\GAD173-p3-wip\bin\Box2D.pdb'; linking object as if no debug info
kage2dutil_d.lib(b2CollideEdge.obj) : warning LNK4099: PDB 'Box2D.pdb' was not found with 'kage2dutil_d.lib(b2CollideEdge.obj)' or at 'C:\SAE Code Projects\GAD173-p3-wip\bin\Box2D.pdb'; linking object as if no debug info
kage2dutil_d.lib(b2CollideCircle.obj) : warning LNK4099: PDB 'Box2D.pdb' was not found with 'kage2dutil_d.lib(b2CollideCircle.obj)' or at 'C:\SAE Code Projects\GAD173-p3-wip\bin\Box2D.pdb'; linking object as if no debug info
kage2dutil_d.lib(b2BroadPhase.obj) : warning LNK4099: PDB 'Box2D.pdb' was not found with 'kage2dutil_d.lib(b2BroadPhase.obj)' or at 'C:\SAE Code Projects\GAD173-p3-wip\bin\Box2D.pdb'; linking object as if no debug info
kage2dutil_d.lib(b2PolygonShape.obj) : warning LNK4099: PDB 'Box2D.pdb' was not found with 'kage2dutil_d.lib(b2PolygonShape.obj)' or at 'C:\SAE Code Projects\GAD173-p3-wip\bin\Box2D.pdb'; linking object as if no debug info
kage2dutil_d.lib(b2EdgeShape.obj) : warning LNK4099: PDB 'Box2D.pdb' was not found with 'kage2dutil_d.lib(b2EdgeShape.obj)' or at 'C:\SAE Code Projects\GAD173-p3-wip\bin\Box2D.pdb'; linking object as if no debug info
kage2dutil_d.lib(b2CircleShape.obj) : warning LNK4099: PDB 'Box2D.pdb' was not found with 'kage2dutil_d.lib(b2CircleShape.obj)' or at 'C:\SAE Code Projects\GAD173-p3-wip\bin\Box2D.pdb'; linking object as if no debug info
kage2dutil_d.lib(b2ChainShape.obj) : warning LNK4099: PDB 'Box2D.pdb' was not found with 'kage2dutil_d.lib(b2ChainShape.obj)' or at 'C:\SAE Code Projects\GAD173-p3-wip\bin\Box2D.pdb'; linking object as if no debug info
  enemy_sandbox.vcxproj -> C:\SAE Code Projects\GAD173-p3-wip\bin\enemy_sandbox_d.exe
